<?xml version="1.0" encoding="UTF-8"?>
<!-- Generated by org.testng.reporters.JUnitReportReporter -->
<testsuite hostname="DESKTOP-TDUTIA7" failures="0" tests="1" name="tests.HomeTest" time="9.962" errors="0" timestamp="2025-05-06T22:24:52 IST" skipped="0">
  <testcase classname="tests.HomeTest" name="amountSortingTest" time="9.962"/>
</testsuite> <!-- tests.HomeTest -->
